<?xml version="1.0" encoding="UTF-8"?>
<!-- Generated by org.testng.reporters.JUnitReportReporter -->
<testsuite hostname="DESKTOP-1JEJOOG" failures="0" tests="5" name="tests.MembersTest" time="419.357" errors="0" timestamp="2023-07-30T21:49:28 IST" skipped="0">
  <testcase classname="tests.MembersTest" name="member25" time="93.055"/>
  <testcase classname="tests.MembersTest" name="member24" time="86.245"/>
  <testcase classname="tests.MembersTest" name="member22" time="81.335"/>
  <testcase classname="tests.MembersTest" name="member23" time="80.655"/>
  <testcase classname="tests.MembersTest" name="member21" time="78.067"/>
</testsuite> <!-- tests.MembersTest -->
