<?xml version="1.0" encoding="UTF-8"?>
<!-- Generated by org.testng.reporters.JUnitReportReporter -->
<testsuite hostname="DESKTOP-1JEJOOG" failures="0" tests="4" name="tests.ResetPassword" time="41.958" errors="0" timestamp="2023-07-20T11:13:55 IST" skipped="0">
  <testcase classname="tests.ResetPassword" name="resetpassword3" time="10.553"/>
  <testcase classname="tests.ResetPassword" name="resetpassword" time="11.046"/>
  <testcase classname="tests.ResetPassword" name="resetpassword1" time="10.955"/>
  <testcase classname="tests.ResetPassword" name="resetpassword2" time="9.404"/>
</testsuite> <!-- tests.ResetPassword -->
