<?xml version="1.0" encoding="UTF-8"?>
<!-- Generated by org.testng.reporters.JUnitReportReporter -->
<testsuite hostname="DESKTOP-1JEJOOG" failures="0" tests="12" name="tests.LoginTest" time="156.256" errors="0" timestamp="2023-07-20T11:13:55 IST" skipped="0">
  <testcase classname="tests.LoginTest" name="signin11" time="11.923"/>
  <testcase classname="tests.LoginTest" name="signin9" time="11.092"/>
  <testcase classname="tests.LoginTest" name="signin2" time="11.063"/>
  <testcase classname="tests.LoginTest" name="signin4" time="11.117"/>
  <testcase classname="tests.LoginTest" name="signin8" time="11.630"/>
  <testcase classname="tests.LoginTest" name="signin5" time="11.850"/>
  <testcase classname="tests.LoginTest" name="signin7" time="10.873"/>
  <testcase classname="tests.LoginTest" name="signin3" time="22.137"/>
  <testcase classname="tests.LoginTest" name="signin12" time="10.893"/>
  <testcase classname="tests.LoginTest" name="signin10" time="10.801"/>
  <testcase classname="tests.LoginTest" name="signin1" time="22.124"/>
  <testcase classname="tests.LoginTest" name="signin6" time="10.753"/>
</testsuite> <!-- tests.LoginTest -->
