<?xml version="1.0" encoding="UTF-8"?>
<!-- Generated by org.testng.reporters.JUnitReportReporter -->
<testsuite hostname="DESKTOP-1JEJOOG" failures="0" tests="8" name="tests.ForgotPassTest" time="84.766" errors="0" timestamp="2023-07-20T11:13:55 IST" skipped="0">
  <testcase classname="tests.ForgotPassTest" name="forgot4" time="10.518"/>
  <testcase classname="tests.ForgotPassTest" name="forgot" time="10.690"/>
  <testcase classname="tests.ForgotPassTest" name="forgot6" time="10.313"/>
  <testcase classname="tests.ForgotPassTest" name="forgot7" time="10.920"/>
  <testcase classname="tests.ForgotPassTest" name="forgot3" time="10.660"/>
  <testcase classname="tests.ForgotPassTest" name="forgot5" time="10.430"/>
  <testcase classname="tests.ForgotPassTest" name="forgot2" time="10.308"/>
  <testcase classname="tests.ForgotPassTest" name="forgot1" time="10.927"/>
</testsuite> <!-- tests.ForgotPassTest -->
